  ArcaneEngine.cpp
d:\winter 2018 sem\acrane engine repo\arcaneengine\arcaneengine\arcaneengine\arcaneengine.cpp(9): error C3646: 'dwOemId': unknown override specifier
d:\winter 2018 sem\acrane engine repo\arcaneengine\arcaneengine\arcaneengine\arcaneengine.cpp(9): error C4430: missing type specifier - int assumed. Note: C++ does not support default-int
d:\winter 2018 sem\acrane engine repo\arcaneengine\arcaneengine\arcaneengine\arcaneengine.cpp(11): error C3646: 'wProcessorArchitecture': unknown override specifier
d:\winter 2018 sem\acrane engine repo\arcaneengine\arcaneengine\arcaneengine\arcaneengine.cpp(11): error C4430: missing type specifier - int assumed. Note: C++ does not support default-int
d:\winter 2018 sem\acrane engine repo\arcaneengine\arcaneengine\arcaneengine\arcaneengine.cpp(12): error C3646: 'wReserved': unknown override specifier
d:\winter 2018 sem\acrane engine repo\arcaneengine\arcaneengine\arcaneengine\arcaneengine.cpp(12): error C4430: missing type specifier - int assumed. Note: C++ does not support default-int
d:\winter 2018 sem\acrane engine repo\arcaneengine\arcaneengine\arcaneengine\arcaneengine.cpp(15): error C3646: 'dwNumberOfProcessors': unknown override specifier
d:\winter 2018 sem\acrane engine repo\arcaneengine\arcaneengine\arcaneengine\arcaneengine.cpp(15): error C4430: missing type specifier - int assumed. Note: C++ does not support default-int
d:\winter 2018 sem\acrane engine repo\arcaneengine\arcaneengine\arcaneengine\arcaneengine.cpp(16): error C3646: 'dwProcessorType': unknown override specifier
d:\winter 2018 sem\acrane engine repo\arcaneengine\arcaneengine\arcaneengine\arcaneengine.cpp(16): error C4430: missing type specifier - int assumed. Note: C++ does not support default-int
d:\winter 2018 sem\acrane engine repo\arcaneengine\arcaneengine\arcaneengine\arcaneengine.cpp(17): error C3646: 'dwAllocationGranularity': unknown override specifier
d:\winter 2018 sem\acrane engine repo\arcaneengine\arcaneengine\arcaneengine\arcaneengine.cpp(17): error C4430: missing type specifier - int assumed. Note: C++ does not support default-int
d:\winter 2018 sem\acrane engine repo\arcaneengine\arcaneengine\arcaneengine\arcaneengine.cpp(18): error C3646: 'wProcessorLevel': unknown override specifier
d:\winter 2018 sem\acrane engine repo\arcaneengine\arcaneengine\arcaneengine\arcaneengine.cpp(18): error C4430: missing type specifier - int assumed. Note: C++ does not support default-int
d:\winter 2018 sem\acrane engine repo\arcaneengine\arcaneengine\arcaneengine\arcaneengine.cpp(19): error C3646: 'wProcessorRevision': unknown override specifier
d:\winter 2018 sem\acrane engine repo\arcaneengine\arcaneengine\arcaneengine\arcaneengine.cpp(19): error C4430: missing type specifier - int assumed. Note: C++ does not support default-int
d:\winter 2018 sem\acrane engine repo\arcaneengine\arcaneengine\arcaneengine\arcaneengine.cpp(24): error C2653: 'CGettheProcessorSpeedDlg': is not a class or namespace name
d:\winter 2018 sem\acrane engine repo\arcaneengine\arcaneengine\arcaneengine\arcaneengine.cpp(25): error C2601: 'ProcSpeedCalc': local function definitions are illegal
  d:\winter 2018 sem\acrane engine repo\arcaneengine\arcaneengine\arcaneengine\arcaneengine.cpp(23): note: this line contains a '{' which has not yet been matched
d:\winter 2018 sem\acrane engine repo\arcaneengine\arcaneengine\arcaneengine\arcaneengine.cpp(40): error C2065: 'LARGE_INTEGER': undeclared identifier
d:\winter 2018 sem\acrane engine repo\arcaneengine\arcaneengine\arcaneengine\arcaneengine.cpp(40): error C2059: syntax error: ')'
d:\winter 2018 sem\acrane engine repo\arcaneengine\arcaneengine\arcaneengine\arcaneengine.cpp(43): error C2065: 'LARGE_INTEGER': undeclared identifier
d:\winter 2018 sem\acrane engine repo\arcaneengine\arcaneengine\arcaneengine\arcaneengine.cpp(43): error C2059: syntax error: ')'
d:\winter 2018 sem\acrane engine repo\arcaneengine\arcaneengine\arcaneengine\arcaneengine.cpp(59): error C2065: 'LARGE_INTEGER': undeclared identifier
d:\winter 2018 sem\acrane engine repo\arcaneengine\arcaneengine\arcaneengine\arcaneengine.cpp(59): error C2059: syntax error: ')'
d:\winter 2018 sem\acrane engine repo\arcaneengine\arcaneengine\arcaneengine\arcaneengine.cpp(73): error C2059: syntax error: '}'
d:\winter 2018 sem\acrane engine repo\arcaneengine\arcaneengine\arcaneengine\arcaneengine.cpp(73): error C2143: syntax error: missing ';' before '}'
d:\winter 2018 sem\acrane engine repo\arcaneengine\arcaneengine\arcaneengine\arcaneengine.cpp(76): error C2143: syntax error: missing ';' before '{'
d:\winter 2018 sem\acrane engine repo\arcaneengine\arcaneengine\arcaneengine\arcaneengine.cpp(76): error C2447: '{': missing function header (old-style formal list?)
